<?xml version="1.0" encoding="UTF-8"?>
<testng-results skipped="0" failed="1" ignored="0" total="1" passed="0">
  <reporter-output>
    <line>
      <![CDATA[Home page is displayed]]>
    </line>
    <line>
      <![CDATA[0 matching Source and Destination flights ]]>
    </line>
    <line>
      <![CDATA[0 no matching flights found]]>
    </line>
  </reporter-output>
  <suite name="Suite" duration-ms="29568" started-at="2018-02-05T10:22:26Z" finished-at="2018-02-05T10:22:55Z">
    <groups>
    </groups>
    <test name="Test" duration-ms="29568" started-at="2018-02-05T10:22:26Z" finished-at="2018-02-05T10:22:55Z">
      <class name="Script.TestApp">
        <test-method status="PASS" signature="createReport()[pri:0, instance:Script.TestApp@55d56113]" name="createReport" is-config="true" duration-ms="201" started-at="2018-02-05T15:52:25Z" finished-at="2018-02-05T15:52:26Z">
          <reporter-output>
          </reporter-output>
        </test-method> <!-- createReport -->
        <test-method status="PASS" signature="openBrowser(java.lang.String)[pri:0, instance:Script.TestApp@55d56113]" name="openBrowser" is-config="true" duration-ms="16245" started-at="2018-02-05T15:52:26Z" finished-at="2018-02-05T15:52:42Z">
          <params>
            <param index="0">
              <value>
                <![CDATA[chrome]]>
              </value>
            </param>
          </params>
          <reporter-output>
          </reporter-output>
        </test-method> <!-- openBrowser -->
        <test-method status="FAIL" signature="testApp()[pri:0, instance:Script.TestApp@55d56113]" name="testApp" duration-ms="12519" started-at="2018-02-05T15:52:42Z" finished-at="2018-02-05T15:52:54Z">
          <exception class="java.lang.AssertionError">
            <full-stacktrace>
              <![CDATA[java.lang.AssertionErrorat org.junit.Assert.fail(Assert.java:92)at org.junit.Assert.fail(Assert.java:100)at pages.SearchPage.verifySourceDestination(SearchPage.java:54)at Script.TestApp.testApp(TestApp.java:25)at sun.reflect.NativeMethodAccessorImpl.invoke0(Native Method)at sun.reflect.NativeMethodAccessorImpl.invoke(Unknown Source)at sun.reflect.DelegatingMethodAccessorImpl.invoke(Unknown Source)at java.lang.reflect.Method.invoke(Unknown Source)at org.testng.internal.MethodInvocationHelper.invokeMethod(MethodInvocationHelper.java:124)at org.testng.internal.Invoker.invokeMethod(Invoker.java:571)at org.testng.internal.Invoker.invokeTestMethod(Invoker.java:707)at org.testng.internal.Invoker.invokeTestMethods(Invoker.java:979)at org.testng.internal.TestMethodWorker.invokeTestMethods(TestMethodWorker.java:125)at org.testng.internal.TestMethodWorker.run(TestMethodWorker.java:109)at org.testng.TestRunner.privateRun(TestRunner.java:648)at org.testng.TestRunner.run(TestRunner.java:505)at org.testng.SuiteRunner.runTest(SuiteRunner.java:455)at org.testng.SuiteRunner.runSequentially(SuiteRunner.java:450)at org.testng.SuiteRunner.privateRun(SuiteRunner.java:415)at org.testng.SuiteRunner.run(SuiteRunner.java:364)at org.testng.SuiteRunnerWorker.runSuite(SuiteRunnerWorker.java:52)at org.testng.SuiteRunnerWorker.run(SuiteRunnerWorker.java:84)at org.testng.TestNG.runSuitesSequentially(TestNG.java:1187)at org.testng.TestNG.runSuitesLocally(TestNG.java:1116)at org.testng.TestNG.runSuites(TestNG.java:1028)at org.testng.TestNG.run(TestNG.java:996)at org.testng.remote.AbstractRemoteTestNG.run(AbstractRemoteTestNG.java:114)at org.testng.remote.RemoteTestNG.initAndRun(RemoteTestNG.java:251)at org.testng.remote.RemoteTestNG.main(RemoteTestNG.java:77)]]>
            </full-stacktrace>
          </exception> <!-- java.lang.AssertionError -->
          <reporter-output>
            <line>
              <![CDATA[Home page is displayed]]>
            </line>
            <line>
              <![CDATA[0 matching Source and Destination flights ]]>
            </line>
            <line>
              <![CDATA[0 no matching flights found]]>
            </line>
          </reporter-output>
        </test-method> <!-- testApp -->
        <test-method status="PASS" signature="closeApplication(org.testng.ITestResult)[pri:0, instance:Script.TestApp@55d56113]" name="closeApplication" is-config="true" duration-ms="759" started-at="2018-02-05T15:52:54Z" finished-at="2018-02-05T15:52:55Z">
          <params>
            <param index="0">
              <value>
                <![CDATA[[TestResult name=testApp status=FAILURE method=TestApp.testApp()[pri:0, instance:Script.TestApp@55d56113] output=Home page is displayed]]]>
              </value>
            </param>
          </params>
          <reporter-output>
          </reporter-output>
        </test-method> <!-- closeApplication -->
        <test-method status="PASS" signature="flush()[pri:0, instance:Script.TestApp@55d56113]" name="flush" is-config="true" duration-ms="332" started-at="2018-02-05T15:52:55Z" finished-at="2018-02-05T15:52:56Z">
          <reporter-output>
          </reporter-output>
        </test-method> <!-- flush -->
      </class> <!-- Script.TestApp -->
    </test> <!-- Test -->
  </suite> <!-- Suite -->
</testng-results>
